c:\sd\arquivos\documentos\3dreconstruction\reconstruction\x64\debug\reconstruction.pch
c:\sd\arquivos\documentos\3dreconstruction\reconstruction\x64\debug\vc141.pdb
c:\sd\arquivos\documentos\3dreconstruction\reconstruction\x64\debug\vc141.idb
c:\sd\arquivos\documentos\3dreconstruction\reconstruction\x64\debug\stdafx.obj
c:\sd\arquivos\documentos\3dreconstruction\reconstruction\x64\debug\cannyservice.obj
c:\sd\arquivos\documentos\3dreconstruction\reconstruction\x64\debug\calibrationservice.obj
c:\sd\arquivos\documentos\3dreconstruction\reconstruction\x64\debug\main.obj
c:\sd\arquivos\documentos\3dreconstruction\reconstruction\x64\debug\visualizer.obj
c:\sd\arquivos\documentos\3dreconstruction\reconstruction\x64\debug\tsallis.obj
c:\sd\arquivos\documentos\3dreconstruction\reconstruction\x64\debug\time.obj
c:\sd\arquivos\documentos\3dreconstruction\reconstruction\x64\debug\stringhelper.obj
c:\sd\arquivos\documentos\3dreconstruction\reconstruction\x64\debug\pointsutilities.obj
c:\sd\arquivos\documentos\3dreconstruction\reconstruction\x64\debug\multithreshold.obj
c:\sd\arquivos\documentos\3dreconstruction\reconstruction\x64\debug\import.obj
c:\sd\arquivos\documentos\3dreconstruction\reconstruction\x64\debug\export.obj
c:\sd\arquivos\documentos\3dreconstruction\reconstruction\x64\debug\convert.obj
c:\sd\arquivos\documentos\3dreconstruction\reconstruction\x64\debug\console.obj
c:\sd\arquivos\documentos\3dreconstruction\reconstruction\x64\debug\timeexecution.obj
c:\sd\arquivos\documentos\3dreconstruction\reconstruction\x64\debug\siftresult.obj
c:\sd\arquivos\documentos\3dreconstruction\reconstruction\x64\debug\renderproperties.obj
c:\sd\arquivos\documentos\3dreconstruction\reconstruction\x64\debug\pointpair.obj
c:\sd\arquivos\documentos\3dreconstruction\reconstruction\x64\debug\opencv.obj
c:\sd\arquivos\documentos\3dreconstruction\reconstruction\x64\debug\opengl.obj
c:\sd\arquivos\documentos\3dreconstruction\reconstruction\x64\debug\firefly.obj
c:\sd\arquivos\documentos\3dreconstruction\reconstruction\x64\debug\testservice.obj
c:\sd\arquivos\documentos\3dreconstruction\reconstruction\x64\debug\siftservice.obj
c:\sd\arquivos\documentos\3dreconstruction\reconstruction\x64\debug\renderservice.obj
c:\sd\arquivos\documentos\3dreconstruction\reconstruction\x64\debug\controllerservice.obj
c:\sd\arquivos\documentos\3dreconstruction\reconstruction\x64\debug\ransacservice.obj
c:\sd\arquivos\documentos\3dreconstruction\reconstruction\x64\debug\inputimageservice.obj
c:\sd\arquivos\documentos\3dreconstruction\reconstruction\x64\debug\fireflyservice.obj
c:\sd\arquivos\documentos\3dreconstruction\reconstruction\x64\debug\findregionsservice.obj
c:\sd\arquivos\documentos\3dreconstruction\reconstruction\x64\debug\delaunayservice.obj
c:\sd\arquivos\documentos\3dreconstruction\reconstruction\x64\debug\componentsconnectedservice.obj
c:\users\ssbgaz\onedrive - scania cv\0 - personal\repo\3dreconstruction\reconstruction\x64\debug\reconstruction.pch
c:\users\ssbgaz\onedrive - scania cv\0 - personal\repo\3dreconstruction\reconstruction\x64\debug\vc141.pdb
c:\users\ssbgaz\onedrive - scania cv\0 - personal\repo\3dreconstruction\reconstruction\x64\debug\vc141.idb
c:\users\ssbgaz\onedrive - scania cv\0 - personal\repo\3dreconstruction\reconstruction\x64\debug\stdafx.obj
c:\users\ssbgaz\onedrive - scania cv\0 - personal\repo\3dreconstruction\reconstruction\x64\debug\import.obj
c:\users\ssbgaz\onedrive - scania cv\0 - personal\repo\3dreconstruction\reconstruction\x64\debug\multithreshold.obj
c:\users\ssbgaz\onedrive - scania cv\0 - personal\repo\3dreconstruction\reconstruction\x64\debug\pointsutilities.obj
c:\users\ssbgaz\onedrive - scania cv\0 - personal\repo\3dreconstruction\reconstruction\x64\debug\stringhelper.obj
c:\users\ssbgaz\onedrive - scania cv\0 - personal\repo\3dreconstruction\reconstruction\x64\debug\time.obj
c:\users\ssbgaz\onedrive - scania cv\0 - personal\repo\3dreconstruction\reconstruction\x64\debug\tsallis.obj
c:\users\ssbgaz\onedrive - scania cv\0 - personal\repo\3dreconstruction\reconstruction\x64\debug\visualizer.obj
c:\users\ssbgaz\onedrive - scania cv\0 - personal\repo\3dreconstruction\reconstruction\x64\debug\main.obj
c:\users\ssbgaz\onedrive - scania cv\0 - personal\repo\3dreconstruction\reconstruction\x64\debug\calibrationservice.obj
c:\users\ssbgaz\onedrive - scania cv\0 - personal\repo\3dreconstruction\reconstruction\x64\debug\cannyservice.obj
c:\users\ssbgaz\onedrive - scania cv\0 - personal\repo\3dreconstruction\reconstruction\x64\debug\connectedcomponentsservice.obj
c:\users\ssbgaz\onedrive - scania cv\0 - personal\repo\3dreconstruction\reconstruction\x64\debug\delaunayservice.obj
c:\users\ssbgaz\onedrive - scania cv\0 - personal\repo\3dreconstruction\reconstruction\x64\debug\findregionsservice.obj
c:\users\ssbgaz\onedrive - scania cv\0 - personal\repo\3dreconstruction\reconstruction\x64\debug\fireflyservice.obj
c:\users\ssbgaz\onedrive - scania cv\0 - personal\repo\3dreconstruction\reconstruction\x64\debug\inputimageservice.obj
c:\users\ssbgaz\onedrive - scania cv\0 - personal\repo\3dreconstruction\reconstruction\x64\debug\ransacservice.obj
c:\users\ssbgaz\onedrive - scania cv\0 - personal\repo\3dreconstruction\reconstruction\x64\debug\controllerservice.obj
c:\users\ssbgaz\onedrive - scania cv\0 - personal\repo\3dreconstruction\reconstruction\x64\debug\renderservice.obj
c:\users\ssbgaz\onedrive - scania cv\0 - personal\repo\3dreconstruction\reconstruction\x64\debug\siftservice.obj
c:\users\ssbgaz\onedrive - scania cv\0 - personal\repo\3dreconstruction\reconstruction\x64\debug\testservice.obj
c:\users\ssbgaz\onedrive - scania cv\0 - personal\repo\3dreconstruction\reconstruction\x64\debug\firefly.obj
c:\users\ssbgaz\onedrive - scania cv\0 - personal\repo\3dreconstruction\reconstruction\x64\debug\opengl.obj
c:\users\ssbgaz\onedrive - scania cv\0 - personal\repo\3dreconstruction\reconstruction\x64\debug\opencv.obj
c:\users\ssbgaz\onedrive - scania cv\0 - personal\repo\3dreconstruction\reconstruction\x64\debug\pointpair.obj
c:\users\ssbgaz\onedrive - scania cv\0 - personal\repo\3dreconstruction\reconstruction\x64\debug\renderproperties.obj
c:\users\ssbgaz\onedrive - scania cv\0 - personal\repo\3dreconstruction\reconstruction\x64\debug\siftresult.obj
c:\users\ssbgaz\onedrive - scania cv\0 - personal\repo\3dreconstruction\reconstruction\x64\debug\timeexecution.obj
c:\users\ssbgaz\onedrive - scania cv\0 - personal\repo\3dreconstruction\reconstruction\x64\debug\console.obj
c:\users\ssbgaz\onedrive - scania cv\0 - personal\repo\3dreconstruction\reconstruction\x64\debug\convert.obj
c:\users\ssbgaz\onedrive - scania cv\0 - personal\repo\3dreconstruction\reconstruction\x64\debug\export.obj
c:\sd\arquivos\documentos\3dreconstruction\x64\debug\reconstruction.exe
c:\sd\arquivos\documentos\3dreconstruction\x64\debug\reconstruction.ilk
c:\sd\arquivos\documentos\3dreconstruction\x64\debug\reconstruction.pdb
c:\users\ssbgaz\onedrive - scania cv\0 - personal\repo\3dreconstruction\x64\debug\reconstruction.ilk
c:\users\ssbgaz\onedrive - scania cv\0 - personal\repo\3dreconstruction\x64\debug\reconstruction.exe
c:\users\ssbgaz\onedrive - scania cv\0 - personal\repo\3dreconstruction\x64\debug\reconstruction.pdb
c:\users\ssbgaz\onedrive - scania cv\0 - personal\repo\3dreconstruction\reconstruction\x64\debug\componentsconnectedservice.obj
c:\users\ssbgaz\onedrive - scania cv\0 - personal\repo\3dreconstruction\reconstruction\x64\debug\fireflyoptimization.obj
c:\users\ssbgaz\onedrive - scania cv\0 - personal\repo\3dreconstruction\reconstruction\x64\debug\testservice.new.obj.enc
c:\users\ssbgaz\onedrive - scania cv\0 - personal\repo\3dreconstruction\reconstruction\x64\debug\reconstruction.tlog\cl.command.1.tlog
c:\users\ssbgaz\onedrive - scania cv\0 - personal\repo\3dreconstruction\reconstruction\x64\debug\reconstruction.tlog\cl.read.1.tlog
c:\users\ssbgaz\onedrive - scania cv\0 - personal\repo\3dreconstruction\reconstruction\x64\debug\reconstruction.tlog\cl.write.1.tlog
c:\users\ssbgaz\onedrive - scania cv\0 - personal\repo\3dreconstruction\reconstruction\x64\debug\reconstruction.tlog\link.command.1.tlog
c:\users\ssbgaz\onedrive - scania cv\0 - personal\repo\3dreconstruction\reconstruction\x64\debug\reconstruction.tlog\link.read.1.tlog
c:\users\ssbgaz\onedrive - scania cv\0 - personal\repo\3dreconstruction\reconstruction\x64\debug\reconstruction.tlog\link.write.1.tlog
