  stdafx.cpp
  OpenGL.cpp
  OpenCV.cpp
  CustomPoint.cpp
  PointPair.cpp
  Firefly_Optimization.cpp
e:\fei\tcc\reconstruction (1)\reconstruction\reconstruction\helpers\firefly_optimization.cpp(51): warning C4244: 'inicializando': conversão de 'double' para 'int', possível perda de dados
e:\fei\tcc\reconstruction (1)\reconstruction\reconstruction\helpers\firefly_optimization.cpp(137): warning C4267: 'inicializando': conversão de 'size_t' para 'int', possível perda de dados
e:\fei\tcc\reconstruction (1)\reconstruction\reconstruction\helpers\firefly_optimization.cpp(150): warning C4244: '=': conversão de 'double' para 'int', possível perda de dados
e:\fei\tcc\reconstruction (1)\reconstruction\reconstruction\helpers\firefly_optimization.cpp(158): warning C4244: '=': conversão de 'double' para 'unsigned int', possível perda de dados
e:\fei\tcc\reconstruction (1)\reconstruction\reconstruction\helpers\firefly_optimization.cpp(159): warning C4244: '=': conversão de 'double' para 'unsigned int', possível perda de dados
  multilimiarizacao.cpp
e:\fei\tcc\reconstruction (1)\reconstruction\reconstruction\helpers\multilimiarizacao.cpp(6): warning C4267: 'inicializando': conversão de 'size_t' para 'int', possível perda de dados
e:\fei\tcc\reconstruction (1)\reconstruction\reconstruction\helpers\multilimiarizacao.cpp(25): warning C4267: 'inicializando': conversão de 'size_t' para 'int', possível perda de dados
e:\fei\tcc\reconstruction (1)\reconstruction\reconstruction\helpers\multilimiarizacao.cpp(37): warning C4267: 'inicializando': conversão de 'size_t' para 'int', possível perda de dados
e:\fei\tcc\reconstruction (1)\reconstruction\reconstruction\helpers\multilimiarizacao.cpp(48): warning C4244: '=': conversão de 'double' para 'int', possível perda de dados
e:\fei\tcc\reconstruction (1)\reconstruction\reconstruction\helpers\multilimiarizacao.cpp(51): warning C4244: '=': conversão de 'double' para 'int', possível perda de dados
e:\fei\tcc\reconstruction (1)\reconstruction\reconstruction\helpers\multilimiarizacao.cpp(108): warning C4267: 'inicializando': conversão de 'size_t' para 'int', possível perda de dados
e:\fei\tcc\reconstruction (1)\reconstruction\reconstruction\helpers\multilimiarizacao.cpp(118): warning C4267: 'inicializando': conversão de 'size_t' para 'int', possível perda de dados
e:\fei\tcc\reconstruction (1)\reconstruction\reconstruction\helpers\multilimiarizacao.cpp(129): warning C4244: '=': conversão de 'double' para 'int', possível perda de dados
e:\fei\tcc\reconstruction (1)\reconstruction\reconstruction\helpers\multilimiarizacao.cpp(132): warning C4244: '=': conversão de 'double' para 'int', possível perda de dados
e:\fei\tcc\reconstruction (1)\reconstruction\reconstruction\helpers\multilimiarizacao.cpp(186): warning C4267: 'inicializando': conversão de 'size_t' para 'int', possível perda de dados
e:\fei\tcc\reconstruction (1)\reconstruction\reconstruction\helpers\multilimiarizacao.cpp(204): warning C4267: 'inicializando': conversão de 'size_t' para 'int', possível perda de dados
e:\fei\tcc\reconstruction (1)\reconstruction\reconstruction\helpers\multilimiarizacao.cpp(215): warning C4244: '=': conversão de 'double' para 'int', possível perda de dados
e:\fei\tcc\reconstruction (1)\reconstruction\reconstruction\helpers\multilimiarizacao.cpp(218): warning C4244: '=': conversão de 'double' para 'int', possível perda de dados
  PointsUtilities.cpp
  tsallis.cpp
e:\fei\tcc\reconstruction (1)\reconstruction\reconstruction\helpers\tsallis.cpp(19): warning C4305: 'inicializando': truncamento de 'double' para 'float'
e:\fei\tcc\reconstruction (1)\reconstruction\reconstruction\helpers\tsallis.cpp(19): warning C4305: '+=': truncamento de 'double' para 'float'
e:\fei\tcc\reconstruction (1)\reconstruction\reconstruction\helpers\tsallis.cpp(82): warning C4244: 'return': conversão de 'double' para 'float', possível perda de dados
e:\fei\tcc\reconstruction (1)\reconstruction\reconstruction\helpers\tsallis.cpp(95): warning C4018: '<': incompatibilidade de signed/unsigned
  Main.cpp
  Gerando Código...
  Compilando...
  CalibrationService.cpp
e:\fei\tcc\reconstruction (1)\reconstruction\reconstruction\services\calibrationservice.cpp(132): warning C4244: 'inicializando': conversão de 'double' para 'int', possível perda de dados
e:\fei\tcc\reconstruction (1)\reconstruction\reconstruction\services\calibrationservice.cpp(133): warning C4267: 'inicializando': conversão de 'size_t' para 'int', possível perda de dados
e:\fei\tcc\reconstruction (1)\reconstruction\reconstruction\services\calibrationservice.cpp(136): warning C4244: '=': conversão de 'double' para 'int', possível perda de dados
e:\fei\tcc\reconstruction (1)\reconstruction\reconstruction\services\calibrationservice.cpp(138): warning C4244: '=': conversão de 'double' para 'int', possível perda de dados
e:\fei\tcc\reconstruction (1)\reconstruction\reconstruction\services\calibrationservice.cpp(140): warning C4244: '=': conversão de 'double' para 'int', possível perda de dados
e:\fei\tcc\reconstruction (1)\reconstruction\reconstruction\services\calibrationservice.cpp(142): warning C4244: '=': conversão de 'double' para 'int', possível perda de dados
e:\fei\tcc\reconstruction (1)\reconstruction\reconstruction\services\calibrationservice.cpp(182): warning C4244: 'inicializando': conversão de 'double' para 'int', possível perda de dados
e:\fei\tcc\reconstruction (1)\reconstruction\reconstruction\services\calibrationservice.cpp(183): warning C4267: 'inicializando': conversão de 'size_t' para 'int', possível perda de dados
e:\fei\tcc\reconstruction (1)\reconstruction\reconstruction\services\calibrationservice.cpp(186): warning C4244: '=': conversão de 'double' para 'int', possível perda de dados
e:\fei\tcc\reconstruction (1)\reconstruction\reconstruction\services\calibrationservice.cpp(188): warning C4244: '=': conversão de 'double' para 'int', possível perda de dados
e:\fei\tcc\reconstruction (1)\reconstruction\reconstruction\services\calibrationservice.cpp(190): warning C4244: '=': conversão de 'double' para 'int', possível perda de dados
e:\fei\tcc\reconstruction (1)\reconstruction\reconstruction\services\calibrationservice.cpp(192): warning C4244: '=': conversão de 'double' para 'int', possível perda de dados
e:\fei\tcc\reconstruction (1)\reconstruction\reconstruction\services\calibrationservice.cpp(250): warning C4244: '=': conversão de 'double' para 'float', possível perda de dados
e:\fei\tcc\reconstruction (1)\reconstruction\reconstruction\services\calibrationservice.cpp(251): warning C4244: '=': conversão de 'double' para 'float', possível perda de dados
e:\fei\tcc\reconstruction (1)\reconstruction\reconstruction\services\calibrationservice.cpp(252): warning C4244: '=': conversão de 'double' para 'float', possível perda de dados
  CannyService.cpp
e:\fei\tcc\reconstruction (1)\reconstruction\reconstruction\services\cannyservice.cpp(43): warning C4244: 'argumento': conversão de 'double' para 'float', possível perda de dados
e:\fei\tcc\reconstruction (1)\reconstruction\reconstruction\services\cannyservice.cpp(72): warning C4244: 'argumento': conversão de 'double' para 'float', possível perda de dados
e:\fei\tcc\reconstruction (1)\reconstruction\reconstruction\services\cannyservice.cpp(80): warning C4244: 'argumento': conversão de 'float' para 'int', possível perda de dados
  ComponentsConnectedService.cpp
  DelaunayService.cpp
e:\fei\tcc\reconstruction (1)\reconstruction\reconstruction\services\delaunayservice.cpp(65): warning C4244: 'argumento': conversão de 'float' para 'int', possível perda de dados
e:\fei\tcc\reconstruction (1)\reconstruction\reconstruction\services\delaunayservice.cpp(110): warning C4244: 'argumento': conversão de 'float' para 'int', possível perda de dados
  FindRegionsService.cpp
  FireflyService.cpp
  InputImageService.cpp
  RansacService.cpp
  ControllerService.cpp
e:\fei\tcc\reconstruction (1)\reconstruction\reconstruction\services\controllerservice.cpp(110): warning C4615: Aviso de #pragma: tipo de aviso de usuário desconhecido
  Gerando Código...
e:\fei\tcc\reconstruction (1)\reconstruction\reconstruction\services\controllerservice.cpp(140): warning C4715: 'Services::ControllerService::RenderApply': nem todos os caminhos de controle retornam um valor
e:\fei\tcc\reconstruction (1)\reconstruction\reconstruction\services\calibrationservice.cpp(358): warning C4715: 'Services::CalibrationService::FilterByShape': nem todos os caminhos de controle retornam um valor
  Compilando...
  RenderService.cpp
  SiftService.cpp
e:\fei\tcc\reconstruction (1)\reconstruction\reconstruction\services\siftservice.cpp(22): warning C4615: Aviso de #pragma: tipo de aviso de usuário desconhecido
e:\fei\tcc\reconstruction (1)\reconstruction\reconstruction\services\siftservice.cpp(47): warning C4244: 'inicializando': conversão de 'int' para 'float', possível perda de dados
e:\fei\tcc\reconstruction (1)\reconstruction\reconstruction\services\siftservice.cpp(48): warning C4244: 'inicializando': conversão de 'int' para 'float', possível perda de dados
e:\fei\tcc\reconstruction (1)\reconstruction\reconstruction\services\siftservice.cpp(70): warning C4244: '=': conversão de 'double' para 'float', possível perda de dados
e:\fei\tcc\reconstruction (1)\reconstruction\reconstruction\services\siftservice.cpp(71): warning C4244: '=': conversão de 'double' para 'float', possível perda de dados
e:\fei\tcc\reconstruction (1)\reconstruction\reconstruction\services\siftservice.cpp(75): warning C4244: '=': conversão de 'double' para 'float', possível perda de dados
e:\fei\tcc\reconstruction (1)\reconstruction\reconstruction\services\siftservice.cpp(76): warning C4244: '=': conversão de 'double' para 'float', possível perda de dados
  Gerando Código...
  Reconstruction.vcxproj -> E:\FEI\TCC\Reconstruction (1)\Reconstruction\x64\Debug\Reconstruction.exe
